0	1	mikroCPIC1618.exe -MSF -DBG -pP16F877A -DL -O11111114 -fo16 -N"E:\Projects\Pic\WaterHeaterFinalV2\WaterHeaterFinalV2.mcppi" -SP"C:\Users\Public\Documents\Mikroelektronika\mikroC PRO for PIC\Defs\" -SP"C:\Users\Public\Documents\Mikroelektronika\mikroC PRO for PIC\Uses\P16\" -SP"E:\Projects\Pic\WaterHeaterFinalV2\" -IP"C:\Users\Public\Documents\Mikroelektronika\mikroC PRO for PIC\Uses\P16\" "WaterHeaterFinalV2.c" "Temprature.c" "Buttons.c" "EEPROM.c" "SSD.c" "TempControl.c" "System.c" "__Lib_Math.mcl" "__Lib_MathDouble.mcl" "__Lib_System.mcl" "__Lib_Delays.mcl" "__Lib_ADC_A_C.mcl" "__Lib_I2C_c34.mcl"	 
hint: 0	1139	Available RAM: 352 [bytes], Available ROM: 8192 [bytes]	 
diagnostics: 0	122	Compilation Started	main.h
diagnostics: 133	123	Compiled Successfully	WaterHeaterFinalV2.c
diagnostics: 0	122	Compilation Started	main.h
diagnostics: 51	123	Compiled Successfully	Temprature.c
diagnostics: 0	122	Compilation Started	main.h
warning: 11	1504	Initialization of extern object 'SegNum'	Buttons.c
diagnostics: 69	123	Compiled Successfully	Buttons.c
diagnostics: 0	122	Compilation Started	main.h
diagnostics: 22	123	Compiled Successfully	EEPROM.c
diagnostics: 0	122	Compilation Started	main.h
diagnostics: 41	123	Compiled Successfully	SSD.c
diagnostics: 0	122	Compilation Started	main.h
warning: 2	1504	Initialization of extern object 'Working_Mode'	TempControl.c
warning: 4	1504	Initialization of extern object 'HeatingStateLED'	TempControl.c
diagnostics: 41	123	Compiled Successfully	TempControl.c
diagnostics: 0	122	Compilation Started	main.h
diagnostics: 44	123	Compiled Successfully	System.c
diagnostics: 0	127	All files Compiled in 265 ms	 
hint: 0	1144	Used RAM (bytes): 118 (34%)  Free RAM (bytes): 234 (66%)	Used RAM (bytes): 118 (34%)  Free RAM (bytes): 234 (66%)
hint: 0	1144	Used ROM (program words): 1901 (23%)  Free ROM (program words): 6291 (77%)	Used ROM (program words): 1901 (23%)  Free ROM (program words): 6291 (77%)
diagnostics: 0	125	Project Linked Successfully	WaterHeaterFinalV2.mcppi
diagnostics: 0	128	Linked in 16 ms	 
diagnostics: 0	129	Project 'WaterHeaterFinalV2.mcppi' completed: 297 ms	 
diagnostics: 0	103	Finished successfully: 16 Jul 2020, 14:23:27	WaterHeaterFinalV2.mcppi
